#
# There is insufficient memory for the Java Runtime Environment to continue.
# Native memory allocation (mmap) failed to map 266338304 bytes for G1 virtual space
# Possible reasons:
#   The system is out of physical RAM or swap space
#   The process is running with CompressedOops enabled, and the Java Heap may be blocking the growth of the native heap
# Possible solutions:
#   Reduce memory load on the system
#   Increase physical memory or swap space
#   Check if swap backing store is full
#   Decrease Java heap size (-Xmx/-Xms)
#   Decrease number of Java threads
#   Decrease Java thread stack sizes (-Xss)
#   Set larger code cache with -XX:ReservedCodeCacheSize=
#   JVM is running with Zero Based Compressed Oops mode in which the Java heap is
#     placed in the first 32GB address space. The Java Heap base address is the
#     maximum limit for the native heap growth. Please use -XX:HeapBaseMinAddress
#     to set the Java Heap base and to place the Java Heap above 32GB virtual address.
# This output file may be truncated or incomplete.
#
#  Out of Memory Error (os_windows.cpp:3466), pid=16996, tid=12976
#
# JRE version:  (16.0.1+9) (build )
# Java VM: Java HotSpot(TM) 64-Bit Server VM (16.0.1+9-24, mixed mode, sharing, tiered, compressed oops, compressed class ptrs, g1 gc, windows-amd64)
# No core dump will be written. Minidumps are not enabled by default on client versions of Windows
#

---------------  S U M M A R Y ------------

Command Line: -Dfile.encoding=Cp1252 -XX:+ShowCodeDetailsInExceptionMessages com.gl.itadmin.demo.Demo

Host: Intel(R) Core(TM) i7-6600U CPU @ 2.60GHz, 4 cores, 15G,  Windows 10 , 64 bit Build 19041 (10.0.19041.1151)
Time: Sun Aug 29 21:20:49 2021 India Standard Time elapsed time: 0.045118 seconds (0d 0h 0m 0s)

---------------  T H R E A D  ---------------

Current thread (0x0000023d7bcdbe20):  JavaThread "Unknown thread" [_thread_in_vm, id=12976, stack(0x000000ae87600000,0x000000ae87700000)]

Stack: [0x000000ae87600000,0x000000ae87700000]
Native frames: (J=compiled Java code, j=interpreted, Vv=VM code, C=native code)
V  [jvm.dll+0x6687ca]
V  [jvm.dll+0x7ca3c9]
V  [jvm.dll+0x7cbb53]
V  [jvm.dll+0x7cc1b3]
V  [jvm.dll+0x242ea5]
V  [jvm.dll+0x665589]
V  [jvm.dll+0x65a175]
V  [jvm.dll+0x2fc5ab]
V  [jvm.dll+0x3037a6]
V  [jvm.dll+0x352fee]
V  [jvm.dll+0x35321f]
V  [jvm.dll+0x2d3618]
V  [jvm.dll+0x2d4854]
V  [jvm.dll+0x79ccb1]
V  [jvm.dll+0x360de1]
V  [jvm.dll+0x77a990]
V  [jvm.dll+0x3e55af]
V  [jvm.dll+0x3e7081]
C  [jli.dll+0x52fb]
C  [ucrtbase.dll+0x21bb2]
C  [KERNEL32.DLL+0x17034]
C  [ntdll.dll+0x52651]


---------------  P R O C E S S  ---------------

Threads class SMR info:
_java_thread_list=0x00007ff8cefecbb8, length=0, elements={
}

Java Threads: ( => current thread )

Other Threads:
  0x0000023d7bd2be30 GCTaskThread "GC Thread#0" [stack: 0x000000ae87700000,0x000000ae87800000] [id=6768]
  0x0000023d7bd3d350 ConcurrentGCThread "G1 Main Marker" [stack: 0x000000ae87800000,0x000000ae87900000] [id=17132]
  0x0000023d7bd3ddc0 ConcurrentGCThread "G1 Conc#0" [stack: 0x000000ae87900000,0x000000ae87a00000] [id=19720]

[error occurred during error reporting (printing all threads), id 0xc0000005, EXCEPTION_ACCESS_VIOLATION (0xc0000005) at pc=0x00007ff8ce7c44d7]

VM state: not at safepoint (not fully initialized)

VM Mutex/Monitor currently owned by a thread:  ([mutex/lock_event])
[0x0000023d7bcd6030] Heap_lock - owner thread: 0x0000023d7bcdbe20

Heap address: 0x0000000702c00000, size: 4052 MB, Compressed Oops mode: Zero based, Oop shift amount: 3

CDS archive(s) mapped at: [0x0000000000000000-0x0000000000000000-0x0000000000000000), size 0, SharedBaseAddress: 0x0000000800000000, ArchiveRelocationMode: 0.
Narrow klass base: 0x0000000000000000, Narrow klass shift: 0, Narrow klass range: 0x0

GC Precious Log:
<Empty>

Heap:
 garbage-first heap   total 0K, used 0K [0x0000000702c00000, 0x0000000800000000)
  region size 2048K, 0 young (0K), 0 survivors (0K)

[error occurred during error reporting (printing heap information), id 0xc0000005, EXCEPTION_ACCESS_VIOLATION (0xc0000005) at pc=0x00007ff8ceba24ed]

GC Heap History (0 events):
No events

Deoptimization events (0 events):
No events

Classes unloaded (0 events):
No events

Classes redefined (0 events):
No events

Internal exceptions (0 events):
No events

Events (1 events):
Event: 0.030 Loaded shared library C:\Program Files\Java\jdk-16.0.1\bin\java.dll


Dynamic libraries:
0x00007ff72acc0000 - 0x00007ff72acd0000 	C:\Program Files\Java\jdk-16.0.1\bin\javaw.exe
0x00007ff911d90000 - 0x00007ff911f85000 	C:\WINDOWS\SYSTEM32\ntdll.dll
0x00007ff910820000 - 0x00007ff9108dd000 	C:\WINDOWS\System32\KERNEL32.DLL
0x00007ff90f650000 - 0x00007ff90f919000 	C:\WINDOWS\System32\KERNELBASE.dll
0x00007ff90fbb0000 - 0x00007ff90fcb0000 	C:\WINDOWS\System32\ucrtbase.dll
0x00007ff909430000 - 0x00007ff909448000 	C:\Program Files\Java\jdk-16.0.1\bin\jli.dll
0x00007ff9109b0000 - 0x00007ff910a5c000 	C:\WINDOWS\System32\ADVAPI32.dll
0x00007ff9110f0000 - 0x00007ff91118e000 	C:\WINDOWS\System32\msvcrt.dll
0x00007ff910060000 - 0x00007ff9100fb000 	C:\WINDOWS\System32\sechost.dll
0x00007ff90aba0000 - 0x00007ff90abb9000 	C:\Program Files\Java\jdk-16.0.1\bin\VCRUNTIME140.dll
0x00007ff910160000 - 0x00007ff91028a000 	C:\WINDOWS\System32\RPCRT4.dll
0x00007ff90fec0000 - 0x00007ff910060000 	C:\WINDOWS\System32\USER32.dll
0x00007ff90fdc0000 - 0x00007ff90fde2000 	C:\WINDOWS\System32\win32u.dll
0x00007ff9110c0000 - 0x00007ff9110ea000 	C:\WINDOWS\System32\GDI32.dll
0x00007ff90f920000 - 0x00007ff90fa2b000 	C:\WINDOWS\System32\gdi32full.dll
0x00007ff8f3640000 - 0x00007ff8f38da000 	C:\WINDOWS\WinSxS\amd64_microsoft.windows.common-controls_6595b64144ccf1df_6.0.19041.1110_none_60b5254171f9507e\COMCTL32.dll
0x00007ff90fa30000 - 0x00007ff90facd000 	C:\WINDOWS\System32\msvcp_win.dll
0x00007ff9050d0000 - 0x00007ff9050da000 	C:\WINDOWS\SYSTEM32\VERSION.dll
0x00007ff910290000 - 0x00007ff9102c0000 	C:\WINDOWS\System32\IMM32.DLL
0x00007ff90ab20000 - 0x00007ff90ab2c000 	C:\Program Files\Java\jdk-16.0.1\bin\vcruntime140_1.dll
0x00007ff906fc0000 - 0x00007ff907051000 	C:\Program Files\Java\jdk-16.0.1\bin\msvcp140.dll
0x00007ff8ce4e0000 - 0x00007ff8cf08b000 	C:\Program Files\Java\jdk-16.0.1\bin\server\jvm.dll
0x00007ff9114f0000 - 0x00007ff9114f8000 	C:\WINDOWS\System32\PSAPI.DLL
0x00007ff9089f0000 - 0x00007ff9089f9000 	C:\WINDOWS\SYSTEM32\WSOCK32.dll
0x00007ff8eb550000 - 0x00007ff8eb577000 	C:\WINDOWS\SYSTEM32\WINMM.dll
0x00007ff9102c0000 - 0x00007ff91032b000 	C:\WINDOWS\System32\WS2_32.dll
0x00007ff90d410000 - 0x00007ff90d422000 	C:\WINDOWS\SYSTEM32\kernel.appcore.dll
0x00007ff908b20000 - 0x00007ff908b2a000 	C:\Program Files\Java\jdk-16.0.1\bin\jimage.dll
0x00007ff90cf50000 - 0x00007ff90d134000 	C:\WINDOWS\SYSTEM32\DBGHELP.DLL
0x00007ff906030000 - 0x00007ff90605c000 	C:\WINDOWS\SYSTEM32\dbgcore.DLL
0x00007ff90fad0000 - 0x00007ff90fb53000 	C:\WINDOWS\System32\bcryptPrimitives.dll
0x00007ff90f380000 - 0x00007ff90f3b1000 	C:\WINDOWS\SYSTEM32\SspiCli.dll
0x00007ff907e20000 - 0x00007ff907e45000 	C:\Program Files\Java\jdk-16.0.1\bin\java.dll

dbghelp: loaded successfully - version: 4.0.5 - missing functions: none
symbol engine: initialized successfully - sym options: 0x614 - pdb path: .;C:\Program Files\Java\jdk-16.0.1\bin;C:\WINDOWS\SYSTEM32;C:\WINDOWS\WinSxS\amd64_microsoft.windows.common-controls_6595b64144ccf1df_6.0.19041.1110_none_60b5254171f9507e;C:\Program Files\Java\jdk-16.0.1\bin\server

VM Arguments:
jvm_args: -Dfile.encoding=Cp1252 -XX:+ShowCodeDetailsInExceptionMessages 
java_command: com.gl.itadmin.demo.Demo
java_class_path (initial): C:\Users\prkewlan\git\repository\priyankakewlaniOOPSLabSolution\ITAdmin\bin
Launcher Type: SUN_STANDARD

[Global flags]
     intx CICompilerCount                          = 3                                         {product} {ergonomic}
     uint ConcGCThreads                            = 1                                         {product} {ergonomic}
     uint G1ConcRefinementThreads                  = 4                                         {product} {ergonomic}
   size_t G1HeapRegionSize                         = 2097152                                   {product} {ergonomic}
    uintx GCDrainStackTargetSize                   = 64                                        {product} {ergonomic}
   size_t InitialHeapSize                          = 266338304                                 {product} {ergonomic}
   size_t MarkStackSize                            = 4194304                                   {product} {ergonomic}
   size_t MaxHeapSize                              = 4248829952                                {product} {ergonomic}
   size_t MinHeapDeltaBytes                        = 2097152                                   {product} {ergonomic}
   size_t MinHeapSize                              = 8388608                                   {product} {ergonomic}
    uintx NonNMethodCodeHeapSize                   = 5832780                                {pd product} {ergonomic}
    uintx NonProfiledCodeHeapSize                  = 122912730                              {pd product} {ergonomic}
    uintx ProfiledCodeHeapSize                     = 122912730                              {pd product} {ergonomic}
    uintx ReservedCodeCacheSize                    = 251658240                              {pd product} {ergonomic}
     bool SegmentedCodeCache                       = true                                      {product} {ergonomic}
     bool ShowCodeDetailsInExceptionMessages       = true                                   {manageable} {command line}
   size_t SoftMaxHeapSize                          = 4248829952                             {manageable} {ergonomic}
     bool UseCompressedClassPointers               = true                           {product lp64_product} {ergonomic}
     bool UseCompressedOops                        = true                           {product lp64_product} {ergonomic}
     bool UseG1GC                                  = true                                      {product} {ergonomic}
     bool UseLargePagesIndividualAllocation        = false                                  {pd product} {ergonomic}

Logging:
Log output configuration:
 #0: stdout all=warning uptime,level,tags
 #1: stderr all=off uptime,level,tags

Environment Variables:
PATH=C:\Python39\Scripts\;C:\Python39\;C:\Program Files\Common Files\Oracle\Java\javapath;C:\Program Files\Common Files\Microsoft Shared\Microsoft Online Services;C:\Program Files (x86)\Common Files\Microsoft Shared\Microsoft Online Services;C:\WINDOWS\system32;C:\WINDOWS;C:\WINDOWS\System32\Wbem;C:\WINDOWS\System32\WindowsPowerShell\v1.0\;C:\WINDOWS\System32\OpenSSH\;C:\ProgramData\chocolatey\bin;C:\Program Files\Memurai\;C:\tools\mysql\mysql-8.0.21-winx64\bin;C:\tools\Redis-x64-3.0.504;C:\Program Files\Java\jdk-16.0.1\bin;C:\Program Files\nodejs\;C:\Program Files\Docker\Docker\resources\bin;C:\ProgramData\DockerDesktop\version-bin;C:\Program Files\Git\cmd;C:\Ruby27-x64\bin;C:\Users\prkewlan\AppData\Local\Programs\Python\Python38-32\Scripts\;C:\Users\prkewlan\AppData\Local\Programs\Python\Python38-32\;C:\Users\prkewlan\AppData\Local\Microsoft\WindowsApps;C:\Program Files\OpenSSL-Win64\bin;C:\Users\prkewlan\AppData\Local\Programs\Microsoft VS Code\bin;C:\Program Files\Git\bin;C:\Users\prkewlan\AppData\Roaming\npm
OS=Windows_NT
PROCESSOR_IDENTIFIER=Intel64 Family 6 Model 78 Stepping 3, GenuineIntel



---------------  S Y S T E M  ---------------

OS:
 Windows 10 , 64 bit Build 19041 (10.0.19041.1151)
OS uptime: 13 days 11:13 hours
Hyper-V role detected

CPU: total 4 (initial active 4) (2 cores per cpu, 2 threads per core) family 6 model 78 stepping 3 microcode 0xcc, cx8, cmov, fxsr, ht, mmx, 3dnowpref, sse, sse2, sse3, ssse3, sse4.1, sse4.2, popcnt, lzcnt, tsc, tscinvbit, avx, avx2, aes, erms, clmul, bmi1, bmi2, rtm, adx, fma, vzeroupper, clflush, clflushopt, hv

Memory: 4k page, system-wide physical 16205M (1873M free)
TotalPageFile size 16205M (AvailPageFile size 127M)
current process WorkingSet (physical memory assigned to process): 10M, peak: 10M
current process commit charge ("private bytes"): 51M, peak: 305M

vm_info: Java HotSpot(TM) 64-Bit Server VM (16.0.1+9-24) for windows-amd64 JRE (16.0.1+9-24), built on Mar 26 2021 19:31:42 by "mach5one" with MS VC++ 16.7 (VS2019)

END.
